Commit at 2024-11-01T16:23:58: Add support for pre-trained models
Commit at 2024-11-01T21:59:42: Improve error handling in model building
Commit at 2024-11-04T20:44:16: Add unit tests for preprocessing utilities
Commit at 2024-11-04T20:22:35: Improve logging during model training
Commit at 2024-11-04T11:05:55: Improve visualization functions for predictions
Commit at 2024-11-05T13:46:03: Fix bug in LSTM layer initialization
Commit at 2024-11-05T13:54:09: Improve error handling in model building
Commit at 2024-11-05T12:25:00: Add support for Transformer-based models
Commit at 2024-11-05T11:37:15: Add support for multiple output steps
Commit at 2024-11-05T15:52:49: Improve logging during model training
Commit at 2024-11-05T12:30:05: Update README with more detailed instructions
Commit at 2024-11-05T10:17:58: Improve logging during model training
Commit at 2024-11-05T16:49:06: Improve visualization functions for predictions
Commit at 2024-11-05T09:15:49: Add examples for different use cases
Commit at 2024-11-05T21:24:21: Add support for data augmentation
Commit at 2024-11-06T18:47:11: Fix bug in LSTM layer initialization
Commit at 2024-11-06T20:07:43: Improve logging during model training
Commit at 2024-11-06T16:47:51: Fix minor bug in data windowing
Commit at 2024-11-06T15:41:40: Fix issue with model serialization
Commit at 2024-11-07T18:15:48: Update requirements for new dependencies
Commit at 2024-11-07T13:48:13: Update preprocessing pipeline to handle missing values
Commit at 2024-11-07T13:37:18: Add support for bidirectional RNNs
Commit at 2024-11-07T14:08:22: Optimize inference speed for edge devices
Commit at 2024-11-07T17:24:49: Improve documentation for API reference
Commit at 2024-11-07T15:30:35: Add examples for different use cases
Commit at 2024-11-07T09:37:11: Fix issue with model serialization
Commit at 2024-11-07T18:31:51: Add support for bidirectional RNNs
Commit at 2024-11-08T13:13:13: Add support for Transformer-based models
Commit at 2024-11-08T21:30:52: Optimize training loop for faster convergence
Commit at 2024-11-11T19:41:03: Improve documentation for API reference
Commit at 2024-11-11T13:28:27: Add unit tests for preprocessing utilities
Commit at 2024-11-11T21:13:18: Fix minor bug in data windowing
Commit at 2024-11-11T18:40:02: Fix issue with data normalization
Commit at 2024-11-11T10:01:31: Optimize memory usage during training
Commit at 2024-11-11T12:25:22: Fix minor bug in data windowing
Commit at 2024-11-11T21:11:20: Add support for Transformer-based models
Commit at 2024-11-11T19:56:43: Improve visualization functions for predictions
Commit at 2024-11-11T11:47:27: Update project structure for better organization
Commit at 2024-11-12T18:06:53: Fix issue with data normalization
Commit at 2024-11-12T14:04:49: Optimize training loop for faster convergence
Commit at 2024-11-12T17:38:45: Add support for custom loss functions
Commit at 2024-11-12T18:16:29: Update requirements for new dependencies
Commit at 2024-11-12T15:46:49: Update project structure for better organization
Commit at 2024-11-12T21:31:09: Add support for pre-trained models
Commit at 2024-11-13T16:38:49: Optimize data loading for large datasets
Commit at 2024-11-13T10:10:26: Add support for custom loss functions
Commit at 2024-11-13T12:49:16: Fix issue with data normalization
Commit at 2024-11-13T16:30:14: Update project structure for better organization
Commit at 2024-11-13T09:19:44: Improve logging during model training
Commit at 2024-11-14T16:48:39: Improve visualization functions for predictions
Commit at 2024-11-14T16:43:12: Fix issue with data normalization
Commit at 2024-11-14T12:20:38: Improve visualization functions for predictions
Commit at 2024-11-14T12:51:49: Add support for GRU models
Commit at 2024-11-14T14:26:02: Add support for custom loss functions
Commit at 2024-11-14T19:36:39: Fix issue with data normalization
Commit at 2024-11-14T12:27:56: Add examples for using the library
Commit at 2024-11-14T12:28:06: Update requirements for new dependencies
Commit at 2024-11-14T17:03:45: Refactor utils for better code reuse
Commit at 2024-11-14T12:49:29: Update project structure for better organization
Commit at 2024-11-14T13:11:21: Update README with more detailed instructions
Commit at 2024-11-14T10:55:57: Update README with more detailed instructions
Commit at 2024-11-14T13:08:11: Add support for bidirectional RNNs
Commit at 2024-11-14T09:49:37: Optimize data loading for large datasets
Commit at 2024-11-14T09:58:43: Add support for multiple output steps
Commit at 2024-11-15T14:52:56: Refactor utils for better code reuse
Commit at 2024-11-15T15:29:54: Fix issue with model serialization
Commit at 2024-11-15T12:49:04: Add support for bidirectional RNNs
Commit at 2024-11-15T17:30:43: Add support for Transformer-based models
Commit at 2024-11-15T15:44:06: Add support for Transformer-based models
Commit at 2024-11-15T21:15:35: Add unit tests for preprocessing utilities
Commit at 2024-11-15T14:15:27: Fix issue with data normalization
Commit at 2024-11-18T15:00:21: Fix issue with model serialization
Commit at 2024-11-18T20:04:15: Optimize memory usage during training
Commit at 2024-11-18T09:05:40: Add new evaluation metrics for time series forecasting
Commit at 2024-11-18T20:36:46: Optimize training loop for faster convergence
Commit at 2024-11-18T18:17:43: Add examples for using the library
Commit at 2024-11-18T09:21:33: Improve visualization functions for predictions
Commit at 2024-11-18T12:59:01: Add support for custom loss functions
Commit at 2024-11-18T21:41:19: Add new evaluation metrics for time series forecasting
Commit at 2024-11-18T21:38:30: Update documentation for new features
Commit at 2024-11-18T20:52:00: Add support for pre-trained models
Commit at 2024-11-18T14:55:41: Add examples for different use cases
Commit at 2024-11-18T19:16:40: Fix issue with data normalization
Commit at 2024-11-20T15:06:52: Fix issue with data normalization
Commit at 2024-11-20T11:32:25: Fix minor bug in data windowing
Commit at 2024-11-20T14:10:24: Improve logging during model training
Commit at 2024-11-20T11:22:30: Refactor utils for better code reuse
Commit at 2024-11-20T18:33:19: Update preprocessing pipeline to handle missing values
Commit at 2024-11-20T15:20:14: Add examples for using the library
Commit at 2024-11-20T17:13:15: Add examples for using the library
Commit at 2024-11-20T18:43:25: Improve documentation for API reference
Commit at 2024-11-20T18:04:56: Add support for GRU models
Commit at 2024-11-21T13:55:33: Refactor utils for better code reuse
Commit at 2024-11-22T20:23:40: Add examples for different use cases
Commit at 2024-11-22T16:08:24: Optimize data loading for large datasets
Commit at 2024-11-22T09:03:17: Fix minor bug in data windowing
